<?xml version="1.0" encoding="UTF-8"?>
<!-- Generated by org.testng.reporters.JUnitXMLReporter -->
<testsuite hostname="Юрий-ПК" name="Default test" tests="6" failures="0" timestamp="27 Aug 2015 04:30:45 GMT" time="65.912" errors="0">
  <testcase name="testEmptyGroupCreation" time="11.18" classname="com.example.tests.AlsoGroupCreationTests"/>
  <testcase name="testNonEmptyGroupCreation" time="5.738" classname="com.example.tests.AlsoGroupCreationTests"/>
  <testcase name="testEmptyGroupCreation" time="6.023" classname="com.example.tests.GroupCreationTests"/>
  <testcase name="testNonEmptyGroupCreation" time="7.363" classname="com.example.tests.GroupCreationTests"/>
  <testcase name="testEmptyContactCreation" time="7.235" classname="com.example.tests.ContactCreationTests"/>
  <testcase name="testNonEmptyContactCreation" time="8.058" classname="com.example.tests.ContactCreationTests"/>
</testsuite> <!-- Default test -->
