<?xml version="1.0" encoding="UTF-8"?>
<!-- Generated by org.testng.reporters.JUnitXMLReporter -->
<testsuite hostname="Юрий-ПК" name="Default test" tests="4" failures="0" timestamp="24 Aug 2015 22:34:44 GMT" time="54.701" errors="0">
  <testcase name="testEmptyGroupCreation" time="10.918" classname="com.example.tests.AlsoGroupCreationTests"/>
  <testcase name="testNonEmptyGroupCreation" time="8.496" classname="com.example.tests.AlsoGroupCreationTests"/>
  <testcase name="testEmptyGroupCreation" time="6.816" classname="com.example.tests.GroupCreationTests"/>
  <testcase name="testNonEmptyGroupCreation" time="6.488" classname="com.example.tests.GroupCreationTests"/>
</testsuite> <!-- Default test -->
