<?xml version="1.0" encoding="UTF-8"?>
<testng-results skipped="0" failed="0" total="6" passed="6">
  <reporter-output>
  </reporter-output>
  <suite name="Default suite" duration-ms="65912" started-at="2015-08-27T04:29:39Z" finished-at="2015-08-27T04:30:45Z">
    <groups>
    </groups>
    <test name="Default test" duration-ms="65912" started-at="2015-08-27T04:29:39Z" finished-at="2015-08-27T04:30:45Z">
      <class name="com.example.tests.ContactCreationTests">
        <test-method status="PASS" signature="testEmptyContactCreation()[pri:0, instance:com.example.tests.ContactCreationTests@c39f790]" name="testEmptyContactCreation" duration-ms="7235" started-at="2015-08-27T07:30:26Z" finished-at="2015-08-27T07:30:33Z">
          <reporter-output>
          </reporter-output>
        </test-method> <!-- testEmptyContactCreation -->
        <test-method status="PASS" signature="testNonEmptyContactCreation()[pri:0, instance:com.example.tests.ContactCreationTests@c39f790]" name="testNonEmptyContactCreation" duration-ms="8058" started-at="2015-08-27T07:30:33Z" finished-at="2015-08-27T07:30:41Z">
          <reporter-output>
          </reporter-output>
        </test-method> <!-- testNonEmptyContactCreation -->
      </class> <!-- com.example.tests.ContactCreationTests -->
      <class name="com.example.tests.AlsoGroupCreationTests">
        <test-method status="PASS" signature="setUp()[pri:0, instance:com.example.tests.AlsoGroupCreationTests@6979e8cb]" name="setUp" is-config="true" duration-ms="16729" started-at="2015-08-27T07:29:39Z" finished-at="2015-08-27T07:29:56Z">
          <reporter-output>
          </reporter-output>
        </test-method> <!-- setUp -->
        <test-method status="PASS" signature="testEmptyGroupCreation()[pri:0, instance:com.example.tests.AlsoGroupCreationTests@6979e8cb]" name="testEmptyGroupCreation" duration-ms="11180" started-at="2015-08-27T07:29:56Z" finished-at="2015-08-27T07:30:07Z">
          <reporter-output>
          </reporter-output>
        </test-method> <!-- testEmptyGroupCreation -->
        <test-method status="PASS" signature="testNonEmptyGroupCreation()[pri:0, instance:com.example.tests.AlsoGroupCreationTests@6979e8cb]" name="testNonEmptyGroupCreation" duration-ms="5738" started-at="2015-08-27T07:30:07Z" finished-at="2015-08-27T07:30:13Z">
          <reporter-output>
          </reporter-output>
        </test-method> <!-- testNonEmptyGroupCreation -->
        <test-method status="PASS" signature="tearDown()[pri:0, instance:com.example.tests.AlsoGroupCreationTests@6979e8cb]" name="tearDown" is-config="true" duration-ms="3475" started-at="2015-08-27T07:30:41Z" finished-at="2015-08-27T07:30:45Z">
          <reporter-output>
          </reporter-output>
        </test-method> <!-- tearDown -->
      </class> <!-- com.example.tests.AlsoGroupCreationTests -->
      <class name="com.example.tests.GroupCreationTests">
        <test-method status="PASS" signature="testEmptyGroupCreation()[pri:0, instance:com.example.tests.GroupCreationTests@71e7a66b]" name="testEmptyGroupCreation" duration-ms="6023" started-at="2015-08-27T07:30:13Z" finished-at="2015-08-27T07:30:19Z">
          <reporter-output>
          </reporter-output>
        </test-method> <!-- testEmptyGroupCreation -->
        <test-method status="PASS" signature="testNonEmptyGroupCreation()[pri:0, instance:com.example.tests.GroupCreationTests@71e7a66b]" name="testNonEmptyGroupCreation" duration-ms="7363" started-at="2015-08-27T07:30:19Z" finished-at="2015-08-27T07:30:26Z">
          <reporter-output>
          </reporter-output>
        </test-method> <!-- testNonEmptyGroupCreation -->
      </class> <!-- com.example.tests.GroupCreationTests -->
    </test> <!-- Default test -->
  </suite> <!-- Default suite -->
</testng-results>
